{"total": {"lines":{"total":20,"covered":18,"skipped":0,"pct":90},"statements":{"total":20,"covered":18,"skipped":0,"pct":90},"functions":{"total":6,"covered":6,"skipped":0,"pct":100},"branches":{"total":12,"covered":8,"skipped":0,"pct":66.67}}
,"/home/pedro/Workspace/personal/projects/nodejs-github-actions/src/calculator-throwerror.js": {"lines":{"total":13,"covered":11,"skipped":0,"pct":84.62},"functions":{"total":3,"covered":3,"skipped":0,"pct":100},"statements":{"total":13,"covered":11,"skipped":0,"pct":84.62},"branches":{"total":12,"covered":8,"skipped":0,"pct":66.67}}
,"/home/pedro/Workspace/personal/projects/nodejs-github-actions/src/calculator.js": {"lines":{"total":7,"covered":7,"skipped":0,"pct":100},"functions":{"total":3,"covered":3,"skipped":0,"pct":100},"statements":{"total":7,"covered":7,"skipped":0,"pct":100},"branches":{"total":0,"covered":0,"skipped":0,"pct":100}}
}
